[debug] [2025-03-01T10:01:26.656Z] ----------------------------------------------------------------------
[debug] [2025-03-01T10:01:26.658Z] Command:       /Users/piyushjain/.nvm/versions/node/v22.14.0/bin/node /Users/piyushjain/.nvm/versions/node/v22.14.0/bin/firebase init
[debug] [2025-03-01T10:01:26.659Z] CLI Version:   13.32.0
[debug] [2025-03-01T10:01:26.659Z] Platform:      darwin
[debug] [2025-03-01T10:01:26.659Z] Node Version:  v22.14.0
[debug] [2025-03-01T10:01:26.659Z] Time:          Sat Mar 01 2025 15:31:26 GMT+0530 (India Standard Time)
[debug] [2025-03-01T10:01:26.659Z] ----------------------------------------------------------------------
[debug] 
[debug] [2025-03-01T10:01:26.664Z] > command requires scopes: ["email","openid","https://www.googleapis.com/auth/cloudplatformprojects.readonly","https://www.googleapis.com/auth/firebase","https://www.googleapis.com/auth/cloud-platform"]
[debug] [2025-03-01T10:01:26.665Z] > authorizing via signed-in user (piyushiiii25@gmail.com)
[info] 
     ######## #### ########  ######## ########     ###     ######  ########
     ##        ##  ##     ## ##       ##     ##  ##   ##  ##       ##
     ######    ##  ########  ######   ########  #########  ######  ######
     ##        ##  ##    ##  ##       ##     ## ##     ##       ## ##
     ##       #### ##     ## ######## ########  ##     ##  ######  ########

You're about to initialize a Firebase project in this directory:

  /Users/piyushjain/chat-app

[debug] [2025-03-01T17:31:58.549Z] Error: read EIO
    at TTY.onStreamRead (node:internal/stream_base_commons:216:20)
